<?xml version="1.0" encoding="UTF-8"?>
<!-- Generated by org.testng.reporters.JUnitReportReporter -->
<testsuite hostname="HemavathiRajiv" failures="0" tests="3" name="cucumberOptions.TestNGRunner" time="28.582" errors="0" timestamp="2025-07-12T11:22:49 BST" skipped="0">
  <testcase classname="cucumberOptions.TestNGRunner" name="runScenario" time="10.480"/>
  <testcase classname="cucumberOptions.TestNGRunner" name="runScenario" time="8.846"/>
  <testcase classname="cucumberOptions.TestNGRunner" name="runScenario" time="9.256"/>
</testsuite> <!-- cucumberOptions.TestNGRunner -->
