<?xml version="1.0" encoding="UTF-8"?>
<!-- Generated by org.testng.reporters.JUnitReportReporter -->
<testsuite hostname="Priyas-MacBook-Pro.local" failures="0" tests="3" name="cucumberOptions.TestNGRunner" time="84.399" errors="0" timestamp="2025-07-13T20:07:06 BST" skipped="0">
  <testcase classname="cucumberOptions.TestNGRunner" name="runScenario" time="28.370"/>
  <testcase classname="cucumberOptions.TestNGRunner" name="runScenario" time="31.857"/>
  <testcase classname="cucumberOptions.TestNGRunner" name="runScenario" time="24.172"/>
</testsuite> <!-- cucumberOptions.TestNGRunner -->
